11/12/2024 16:13:26 - Data_Extractor - INFO - data_extractor - Data_extractor starting...
11/12/2024 16:13:26 - Data_Extractor - DEBUG - fetch_data - Sending GET request to URL: http://www.phpbb.com/community/viewtopic.php?f=46&t=2159437
11/12/2024 16:13:27 - Data_Extractor - INFO - fetch_data - Data successfully fetched
11/12/2024 16:13:27 - Data_Extractor - DEBUG - extract_data_from_html - Starting data extraction from fetched html
11/12/2024 16:13:27 - Data_Extractor - INFO - extract_data_from_html - Found 5 posts, validating data....
11/12/2024 16:13:27 - Data_Extractor - INFO - extract_data_from_html - Validated 5 posts / 5
11/12/2024 16:13:27 - Data_Extractor - DEBUG - write_posts_to_file - Writing results to ./output/phbb.json
11/12/2024 16:13:27 - Data_Extractor - DEBUG - write_posts_to_file - Finished writing results to file
11/12/2024 16:13:27 - Data_Extractor - DEBUG - fetch_data - Sending GET request to URL: https://forum.vbulletin.com/forum/vbulletin-3-8/vbulletin-3-8-questions-problems-and-troubleshooting/414325-www-vs-non-www-url-causing-site-not-to-login
11/12/2024 16:13:29 - Data_Extractor - INFO - fetch_data - Data successfully fetched
11/12/2024 16:13:29 - Data_Extractor - DEBUG - extract_data_from_html - Starting data extraction from fetched html
11/12/2024 16:13:29 - Data_Extractor - INFO - extract_data_from_html - Found 10 posts, validating data....
11/12/2024 16:13:29 - Data_Extractor - INFO - extract_data_from_html - Validated 10 posts / 10
11/12/2024 16:13:29 - Data_Extractor - DEBUG - write_posts_to_file - Writing results to ./output/vbulletin.json
11/12/2024 16:13:29 - Data_Extractor - DEBUG - write_posts_to_file - Finished writing results to file
11/12/2024 16:13:29 - Data_Extractor - INFO - data_extractor - Done!
11/12/2024 16:23:44 - Data_Extractor - INFO - data_extractor - Data_extractor starting...
11/12/2024 16:23:44 - Data_Extractor - DEBUG - fetch_data - Sending GET request to URL: http://www.phpbb.com/community/viewtopic.php?f=46&t=2159437
11/12/2024 16:23:45 - Data_Extractor - INFO - fetch_data - Data successfully fetched
11/12/2024 16:23:45 - Data_Extractor - DEBUG - extract_data_from_html - Starting data extraction from fetched html
11/12/2024 16:23:45 - Data_Extractor - INFO - extract_data_from_html - Found 5 posts, validating data....
11/12/2024 16:23:45 - Data_Extractor - INFO - extract_data_from_html - Validated 5 posts / 5
11/12/2024 16:23:45 - Data_Extractor - DEBUG - write_posts_to_file - Writing results to ./output/phbb.json
11/12/2024 16:23:45 - Data_Extractor - DEBUG - write_posts_to_file - Finished writing results to file
11/12/2024 16:23:45 - Data_Extractor - DEBUG - fetch_data - Sending GET request to URL: https://forum.vbulletin.com/forum/vbulletin-3-8/vbulletin-3-8-questions-problems-and-troubleshooting/414325-www-vs-non-www-url-causing-site-not-to-login
11/12/2024 16:23:46 - Data_Extractor - INFO - fetch_data - Data successfully fetched
11/12/2024 16:23:46 - Data_Extractor - DEBUG - extract_data_from_html - Starting data extraction from fetched html
11/12/2024 16:23:46 - Data_Extractor - INFO - extract_data_from_html - Found 10 posts, validating data....
11/12/2024 16:23:46 - Data_Extractor - INFO - extract_data_from_html - Validated 10 posts / 10
11/12/2024 16:23:46 - Data_Extractor - DEBUG - write_posts_to_file - Writing results to ./output/vbulletin.json
11/12/2024 16:23:46 - Data_Extractor - DEBUG - write_posts_to_file - Finished writing results to file
11/12/2024 16:23:46 - Data_Extractor - INFO - data_extractor - Done!
11/12/2024 16:23:57 - Data_Extractor - INFO - data_extractor - Data_extractor starting...
11/12/2024 16:23:57 - Data_Extractor - DEBUG - fetch_data - Sending GET request to URL: http://www.phpbb.com/community/viewtopic.php?f=46&t=2159437
11/12/2024 16:23:58 - Data_Extractor - INFO - fetch_data - Data successfully fetched
11/12/2024 16:23:58 - Data_Extractor - DEBUG - extract_data_from_html - Starting data extraction from fetched html
11/12/2024 16:23:58 - Data_Extractor - INFO - extract_data_from_html - Found 5 posts, validating data....
11/12/2024 16:23:58 - Data_Extractor - INFO - extract_data_from_html - Validated 5 posts / 5
11/12/2024 16:23:58 - Data_Extractor - DEBUG - write_posts_to_file - Writing results to ./output/phbb.json
11/12/2024 16:23:58 - Data_Extractor - DEBUG - write_posts_to_file - Finished writing results to file
11/12/2024 16:23:58 - Data_Extractor - DEBUG - fetch_data - Sending GET request to URL: https://forum.vbulletin.com/forum/vbulletin-3-8/vbulletin-3-8-questions-problems-and-troubleshooting/414325-www-vs-non-www-url-causing-site-not-to-login
11/12/2024 16:23:59 - Data_Extractor - INFO - fetch_data - Data successfully fetched
11/12/2024 16:23:59 - Data_Extractor - DEBUG - extract_data_from_html - Starting data extraction from fetched html
11/12/2024 16:23:59 - Data_Extractor - INFO - extract_data_from_html - Found 10 posts, validating data....
11/12/2024 16:23:59 - Data_Extractor - INFO - extract_data_from_html - Validated 10 posts / 10
11/12/2024 16:23:59 - Data_Extractor - DEBUG - write_posts_to_file - Writing results to ./output/vbulletin.json
11/12/2024 16:23:59 - Data_Extractor - DEBUG - write_posts_to_file - Finished writing results to file
11/12/2024 16:23:59 - Data_Extractor - INFO - data_extractor - Done!
